{"service":"chat-api","level":"error","message":"Signup error: User.findOne is not a function","stack":"TypeError: User.findOne is not a function\n    at exports.signup (E:\\meetkats\\hinge-dating\\api\\controllers\\auth.controller.js:340:27)\n    at Layer.handle [as handle_request] (E:\\meetkats\\hinge-dating\\api\\node_modules\\express\\lib\\router\\layer.js:95:5)\n    at next (E:\\meetkats\\hinge-dating\\api\\node_modules\\express\\lib\\router\\route.js:149:13)\n    at E:\\meetkats\\hinge-dating\\api\\node_modules\\express-rate-limit\\dist\\index.cjs:822:7\n    at process.processTicksAndRejections (node:internal/process/task_queues:95:5)\n    at async E:\\meetkats\\hinge-dating\\api\\node_modules\\express-rate-limit\\dist\\index.cjs:704:5","timestamp":"2025-03-16T22:19:00.954Z"}
{"service":"chat-api","level":"error","message":"Signup error: User.findOne is not a function","stack":"TypeError: User.findOne is not a function\n    at exports.signup (E:\\meetkats\\hinge-dating\\api\\controllers\\auth.controller.js:340:27)\n    at Layer.handle [as handle_request] (E:\\meetkats\\hinge-dating\\api\\node_modules\\express\\lib\\router\\layer.js:95:5)\n    at next (E:\\meetkats\\hinge-dating\\api\\node_modules\\express\\lib\\router\\route.js:149:13)\n    at E:\\meetkats\\hinge-dating\\api\\node_modules\\express-rate-limit\\dist\\index.cjs:822:7\n    at process.processTicksAndRejections (node:internal/process/task_queues:95:5)\n    at async E:\\meetkats\\hinge-dating\\api\\node_modules\\express-rate-limit\\dist\\index.cjs:704:5","timestamp":"2025-03-16T22:23:54.527Z"}
{"service":"chat-api","errors":{"security.mfa":{"stringValue":"\"undefined\"","valueType":"undefined","kind":"Object","path":"security.mfa","name":"CastError","message":"Cast to Object failed for value \"undefined\" (type undefined) at path \"security.mfa\""},"security.activeLoginSessions.0.device":{"stringValue":"\"{\n  type: '',\n  name: ' ',\n  browser: 'Postman Desktop 7.43.0',\n  os: 'undefined undefined'\n}\"","valueType":"Object","kind":"string","value":{"type":"","name":" ","browser":"Postman Desktop 7.43.0","os":"undefined undefined"},"path":"device","reason":null,"name":"CastError","message":"Cast to string failed for value \"{\n  type: '',\n  name: ' ',\n  browser: 'Postman Desktop 7.43.0',\n  os: 'undefined undefined'\n}\" (type Object) at path \"device\""},"security.chatEncryption":{"stringValue":"\"undefined\"","valueType":"undefined","kind":"Object","path":"security.chatEncryption","name":"CastError","message":"Cast to Object failed for value \"undefined\" (type undefined) at path \"security.chatEncryption\""}},"_message":"User validation failed","level":"error","message":"Signup error: User validation failed: security.mfa: Cast to Object failed for value \"undefined\" (type undefined) at path \"security.mfa\", security.activeLoginSessions.0.device: Cast to string failed for value \"{\n  type: '',\n  name: ' ',\n  browser: 'Postman Desktop 7.43.0',\n  os: 'undefined undefined'\n}\" (type Object) at path \"device\", security.chatEncryption: Cast to Object failed for value \"undefined\" (type undefined) at path \"security.chatEncryption\"","stack":"ValidationError: User validation failed: security.mfa: Cast to Object failed for value \"undefined\" (type undefined) at path \"security.mfa\", security.activeLoginSessions.0.device: Cast to string failed for value \"{\n  type: '',\n  name: ' ',\n  browser: 'Postman Desktop 7.43.0',\n  os: 'undefined undefined'\n}\" (type Object) at path \"device\", security.chatEncryption: Cast to Object failed for value \"undefined\" (type undefined) at path \"security.chatEncryption\"\n    at Document.invalidate (E:\\meetkats\\hinge-dating\\api\\node_modules\\mongoose\\lib\\document.js:3329:32)\n    at model.$set (E:\\meetkats\\hinge-dating\\api\\node_modules\\mongoose\\lib\\document.js:1201:14)\n    at model.$set (E:\\meetkats\\hinge-dating\\api\\node_modules\\mongoose\\lib\\document.js:1227:14)\n    at model.set [as security] (E:\\meetkats\\hinge-dating\\api\\node_modules\\mongoose\\lib\\helpers\\document\\compile.js:189:13)\n    at exports.signup (E:\\meetkats\\hinge-dating\\api\\controllers\\auth.controller.js:386:19)","timestamp":"2025-03-16T22:26:00.714Z"}
{"service":"chat-api","level":"error","message":"Signup error: Cannot access 'refreshToken' before initialization","stack":"ReferenceError: Cannot access 'refreshToken' before initialization\n    at exports.signup (E:\\meetkats\\hinge-dating\\api\\controllers\\auth.controller.js:409:12)","timestamp":"2025-03-17T01:15:33.068Z"}
{"service":"chat-api","level":"error","message":"Email sending failed: getaddrinfo ENOTFOUND smtp.example.com","timestamp":"2025-03-17T01:17:43.743Z"}
{"service":"chat-api","level":"error","message":"Email sending failed: getaddrinfo ENOTFOUND smtp.example.com","timestamp":"2025-03-17T02:14:18.682Z"}
{"service":"chat-api","level":"error","message":"Email sending failed: Invalid login: 535-5.7.8 Username and Password not accepted. For more information, go to\n535 5.7.8  https://support.google.com/mail/?p=BadCredentials d9443c01a7336-225c6888461sm64417165ad.23 - gsmtp","timestamp":"2025-03-17T02:47:43.058Z"}
{"service":"chat-api","level":"error","message":"Email sending failed: No recipients defined","timestamp":"2025-03-17T03:09:49.296Z"}
{"service":"chat-api","level":"error","message":"Email sending failed: No recipients defined","timestamp":"2025-03-17T03:10:40.177Z"}
{"service":"chat-api","level":"error","message":"Email sending failed: No recipients defined","timestamp":"2025-03-17T03:18:58.131Z"}
{"service":"chat-api","level":"error","message":"Email sending failed: email is not defined","timestamp":"2025-03-17T03:21:05.041Z"}
{"service":"chat-api","level":"error","message":"Email sending failed: email is not defined","timestamp":"2025-03-17T03:25:25.892Z"}
{"service":"chat-api","level":"error","message":"Email sending failed: email is not defined","timestamp":"2025-03-17T03:32:26.015Z"}
{"service":"chat-api","level":"error","message":"Email sending failed: email is not defined","timestamp":"2025-03-17T03:33:55.111Z"}
{"service":"chat-api","level":"error","message":"Email sending failed: email is not defined","timestamp":"2025-03-17T03:35:15.293Z"}
{"service":"chat-api","level":"error","message":"Email sending failed: 803C0000:error:0A00010B:SSL routines:ssl3_get_record:wrong version number:c:\\ws\\deps\\openssl\\openssl\\ssl\\record\\ssl3_record.c:355:\n","timestamp":"2025-03-17T03:56:51.446Z"}
{"service":"chat-api","level":"error","message":"Email sending failed: 88510000:error:0A00010B:SSL routines:ssl3_get_record:wrong version number:c:\\ws\\deps\\openssl\\openssl\\ssl\\record\\ssl3_record.c:355:\n","timestamp":"2025-03-17T03:58:47.070Z"}
{"service":"chat-api","level":"error","message":"Error code: ESOCKET","timestamp":"2025-03-17T03:58:47.073Z"}
{"service":"chat-api","errorLabelSet":{},"reason":{"type":"ReplicaSetNoPrimary","servers":{"cluster0-shard-00-00.85gxv.mongodb.net:27017":{"address":"cluster0-shard-00-00.85gxv.mongodb.net:27017","type":"Unknown","hosts":[],"passives":[],"arbiters":[],"tags":{},"minWireVersion":0,"maxWireVersion":0,"roundTripTime":-1,"minRoundTripTime":0,"lastUpdateTime":122993275,"lastWriteDate":0,"error":{"errorLabelSet":{},"beforeHandshake":false},"topologyVersion":null,"setName":null,"setVersion":null,"electionId":null,"logicalSessionTimeoutMinutes":null,"maxMessageSizeBytes":null,"maxWriteBatchSize":null,"maxBsonObjectSize":null,"primary":null,"me":null,"$clusterTime":null,"iscryptd":false},"cluster0-shard-00-01.85gxv.mongodb.net:27017":{"address":"cluster0-shard-00-01.85gxv.mongodb.net:27017","type":"Unknown","hosts":[],"passives":[],"arbiters":[],"tags":{},"minWireVersion":0,"maxWireVersion":0,"roundTripTime":-1,"minRoundTripTime":0,"lastUpdateTime":122993275,"lastWriteDate":0,"error":{"errorLabelSet":{},"beforeHandshake":false},"topologyVersion":null,"setName":null,"setVersion":null,"electionId":null,"logicalSessionTimeoutMinutes":null,"maxMessageSizeBytes":null,"maxWriteBatchSize":null,"maxBsonObjectSize":null,"primary":null,"me":null,"$clusterTime":null,"iscryptd":false},"cluster0-shard-00-02.85gxv.mongodb.net:27017":{"address":"cluster0-shard-00-02.85gxv.mongodb.net:27017","type":"Unknown","hosts":[],"passives":[],"arbiters":[],"tags":{},"minWireVersion":0,"maxWireVersion":0,"roundTripTime":-1,"minRoundTripTime":0,"lastUpdateTime":122993275,"lastWriteDate":0,"error":{"errorLabelSet":{},"beforeHandshake":false},"topologyVersion":null,"setName":null,"setVersion":null,"electionId":null,"logicalSessionTimeoutMinutes":null,"maxMessageSizeBytes":null,"maxWriteBatchSize":null,"maxBsonObjectSize":null,"primary":null,"me":null,"$clusterTime":null,"iscryptd":false}},"stale":false,"compatible":true,"heartbeatFrequencyMS":10000,"localThresholdMS":15,"setName":"atlas-p7r309-shard-0","maxElectionId":{"$oid":"7fffffff0000000000000030"},"maxSetVersion":1,"commonWireVersion":0,"logicalSessionTimeoutMinutes":null},"level":"error","message":"Signup error: getaddrinfo ENOTFOUND cluster0-shard-00-00.85gxv.mongodb.net","stack":"MongoServerSelectionError: getaddrinfo ENOTFOUND cluster0-shard-00-00.85gxv.mongodb.net\n    at Topology.selectServer (E:\\meetkats\\hinge-dating\\api\\node_modules\\mongodb\\lib\\sdam\\topology.js:320:38)\n    at async tryOperation (E:\\meetkats\\hinge-dating\\api\\node_modules\\mongodb\\lib\\operations\\execute_operation.js:145:18)\n    at async executeOperation (E:\\meetkats\\hinge-dating\\api\\node_modules\\mongodb\\lib\\operations\\execute_operation.js:75:16)\n    at async FindCursor._initialize (E:\\meetkats\\hinge-dating\\api\\node_modules\\mongodb\\lib\\cursor\\find_cursor.js:61:26)\n    at async FindCursor.cursorInit (E:\\meetkats\\hinge-dating\\api\\node_modules\\mongodb\\lib\\cursor\\abstract_cursor.js:632:27)\n    at async FindCursor.fetchBatch (E:\\meetkats\\hinge-dating\\api\\node_modules\\mongodb\\lib\\cursor\\abstract_cursor.js:666:13)\n    at async FindCursor.next (E:\\meetkats\\hinge-dating\\api\\node_modules\\mongodb\\lib\\cursor\\abstract_cursor.js:346:17)\n    at async Collection.findOne (E:\\meetkats\\hinge-dating\\api\\node_modules\\mongodb\\lib\\collection.js:277:21)\n    at async model.Query._findOne (E:\\meetkats\\hinge-dating\\api\\node_modules\\mongoose\\lib\\query.js:2661:15)\n    at async model.Query.exec (E:\\meetkats\\hinge-dating\\api\\node_modules\\mongoose\\lib\\query.js:4456:63)","cause":{"errorLabelSet":{},"beforeHandshake":false},"timestamp":"2025-03-17T13:24:42.225Z"}
{"service":"chat-api","level":"error","message":"Signup error: Cannot access 'refreshToken' before initialization","stack":"ReferenceError: Cannot access 'refreshToken' before initialization\n    at exports.signup (E:\\meetkats\\hinge-dating\\api\\controllers\\auth.controller.js:409:12)","timestamp":"2025-03-17T14:47:23.527Z"}
{"service":"chat-api","level":"error","message":"Send email verification error: User validation failed: password: Path `password` is required., username: Path `username` is required., lastName: Path `lastName` is required., firstName: Path `firstName` is required.","timestamp":"2025-03-17T21:01:57.558Z"}
{"service":"chat-api","level":"error","message":"Send email verification error: User validation failed: password: Path `password` is required., username: Path `username` is required., lastName: Path `lastName` is required., firstName: Path `firstName` is required.","timestamp":"2025-03-17T21:05:16.697Z"}
{"service":"chat-api","level":"error","message":"Send email verification error: User validation failed: password: Path `password` is required., username: Path `username` is required., lastName: Path `lastName` is required., firstName: Path `firstName` is required.","timestamp":"2025-03-17T21:06:48.070Z"}
{"service":"chat-api","level":"error","message":"Send email verification error: User validation failed: password: Path `password` is required., username: Path `username` is required., lastName: Path `lastName` is required., firstName: Path `firstName` is required.","timestamp":"2025-03-17T21:10:51.958Z"}
{"service":"chat-api","level":"error","message":"Send email verification error: User validation failed: password: Path `password` is required., username: Path `username` is required., lastName: Path `lastName` is required., firstName: Path `firstName` is required.","timestamp":"2025-03-17T21:11:39.634Z"}
{"service":"chat-api","level":"error","message":"Send email verification error: User validation failed: password: Path `password` is required., username: Path `username` is required., lastName: Path `lastName` is required., firstName: Path `firstName` is required.","timestamp":"2025-03-17T21:12:46.944Z"}
{"service":"chat-api","level":"error","message":"Send email verification error: E11000 duplicate key error collection: test.users index: email_1 dup key: { email: \"adityasrivastava9264@gmail.com\" }","timestamp":"2025-03-17T21:16:00.382Z"}
{"service":"chat-api","userId":"67d88ffe1a79208962a31919","emailAddress":"adityasrivastava9264@gmail.com","level":"error","message":"Error sending email OTP: D0400000:error:0A00010B:SSL routines:ssl3_get_record:wrong version number:c:\\ws\\deps\\openssl\\openssl\\ssl\\record\\ssl3_record.c:355:\n","timestamp":"2025-03-17T21:17:08.959Z"}
{"service":"chat-api","userId":"67d88ffe1a79208962a31919","type":"email","level":"error","message":"Error storing OTP: User.findByIdAndUpdate is not a function","timestamp":"2025-03-17T21:18:08.183Z"}
{"service":"chat-api","userId":"67d836c809d8931341b58f71","type":"email","level":"error","message":"Error storing OTP: User.findByIdAndUpdate is not a function","timestamp":"2025-03-17T21:18:18.563Z"}
{"service":"chat-api","userId":"67d836c809d8931341b58f71","type":"email","level":"error","message":"Error verifying OTP: User.findById is not a function","timestamp":"2025-03-17T21:19:10.602Z"}
{"service":"chat-api","level":"error","message":"Verify email code error: Cannot read properties of undefined (reading 'valid')","timestamp":"2025-03-17T21:40:16.608Z"}
{"service":"chat-api","level":"error","message":"Send phone verification error: User validation failed: password: Path `password` is required., email: Path `email` is required., username: Path `username` is required., lastName: Path `lastName` is required., firstName: Path `firstName` is required.","timestamp":"2025-03-17T21:47:06.175Z"}
{"service":"chat-api","userId":"67d836c809d8931341b58f71","phoneNumber":"+9264940608","level":"error","message":"Error sending SMS: A 'From' or 'MessagingServiceSid' parameter is required to send a message","timestamp":"2025-03-17T22:29:20.282Z"}
{"service":"chat-api","userId":"67d836c809d8931341b58f71","phoneNumber":"+91 9264940608","level":"error","message":"Error sending SMS: A 'From' or 'MessagingServiceSid' parameter is required to send a message","timestamp":"2025-03-17T22:34:14.851Z"}
{"service":"chat-api","userId":"67d836c809d8931341b58f71","phoneNumber":"+919264940608","level":"error","message":"Error sending SMS: A 'From' or 'MessagingServiceSid' parameter is required to send a message","timestamp":"2025-03-17T22:37:05.346Z"}
{"service":"chat-api","userId":"67d836c809d8931341b58f71","phoneNumber":"+9264940608","level":"error","message":"Error sending SMS: A 'From' or 'MessagingServiceSid' parameter is required to send a message","timestamp":"2025-03-17T22:37:35.585Z"}
{"service":"chat-api","userId":"67d836c809d8931341b58f71","phoneNumber":"+919264940608","level":"error","message":"Error sending SMS: A 'From' or 'MessagingServiceSid' parameter is required to send a message","timestamp":"2025-03-17T22:38:38.962Z"}
{"service":"chat-api","userId":"67d836c809d8931341b58f71","phoneNumber":"+9264940608","level":"error","message":"Error sending SMS: Invalid 'To' Phone Number: +926494XXXX","timestamp":"2025-03-17T22:42:50.648Z"}
{"service":"chat-api","userId":"67d836c809d8931341b58f71","phoneNumber":"+9264940608","level":"error","message":"Error sending SMS: Invalid 'To' Phone Number: +926494XXXX","timestamp":"2025-03-17T23:31:00.826Z"}
{"service":"chat-api","userId":"67d8ffa420abd78f31eba073","phoneNumber":"+91 8858081788","level":"error","message":"Error sending SMS: The number +91 885808XXXX is unverified. Trial accounts cannot send messages to unverified numbers; verify +91 885808XXXX at twilio.com/user/account/phone-numbers/verified, or purchase a Twilio number to send messages to unverified numbers","timestamp":"2025-03-18T05:16:03.788Z"}
{"service":"chat-api","userId":"67d8ffa420abd78f31eba073","phoneNumber":"+91 8858081788","level":"error","message":"Error sending SMS: The number +91 885808XXXX is unverified. Trial accounts cannot send messages to unverified numbers; verify +91 885808XXXX at twilio.com/user/account/phone-numbers/verified, or purchase a Twilio number to send messages to unverified numbers","timestamp":"2025-03-18T05:17:34.896Z"}
{"service":"chat-api","level":"error","message":"Socket authentication error: jwt malformed","timestamp":"2025-03-18T14:32:30.601Z"}
{"service":"chat-api","level":"error","message":"Socket authentication error: jwt malformed","timestamp":"2025-03-18T14:48:12.924Z"}
{"service":"chat-api","level":"error","message":"Socket authentication error: jwt malformed","timestamp":"2025-03-19T01:32:07.585Z"}
{"service":"chat-api","level":"error","message":"Socket authentication error: jwt malformed","timestamp":"2025-03-19T01:32:35.831Z"}
{"service":"chat-api","level":"error","message":"Socket authentication error: User.findById is not a function","timestamp":"2025-03-19T22:30:47.828Z"}
{"service":"chat-api","level":"error","message":"Socket authentication error: User.findById is not a function","timestamp":"2025-03-19T22:39:06.358Z"}
{"service":"chat-api","level":"error","message":"Socket authentication error: User.findById is not a function","timestamp":"2025-03-19T22:45:45.700Z"}
{"service":"chat-api","level":"error","message":"Socket authentication error: User.findById is not a function","timestamp":"2025-03-19T22:53:21.657Z"}
{"service":"chat-api","level":"error","message":"Socket authentication error: User.findById is not a function","timestamp":"2025-03-19T23:01:06.207Z"}
{"service":"chat-api","level":"error","message":"Socket authentication error: User.findById is not a function","timestamp":"2025-03-19T23:06:20.389Z"}
{"service":"chat-api","level":"error","message":"Socket authentication error: User.findById is not a function","timestamp":"2025-03-20T01:34:15.458Z"}
{"service":"chat-api","level":"error","message":"Socket initialization error for user 67db4594f5ecdd5801fd410d: Chat.find is not a function","timestamp":"2025-03-20T01:47:09.950Z"}
{"service":"chat-api","level":"error","message":"Socket initialization error for user 67db4594f5ecdd5801fd410d: Chat.find is not a function","timestamp":"2025-03-20T01:50:13.535Z"}
{"service":"chat-api","level":"error","message":"Logout error: SecurityLog.create is not a function","stack":"TypeError: SecurityLog.create is not a function\n    at exports.logout (E:\\meetkats\\hinge-dating\\api\\controllers\\auth.controller.js:656:23)\n    at process.processTicksAndRejections (node:internal/process/task_queues:95:5)","timestamp":"2025-03-20T18:24:41.871Z"}
{"service":"chat-api","level":"error","message":"Socket events handler not initialized","timestamp":"2025-03-20T18:29:57.674Z"}
{"service":"chat-api","userId":"67dc5e41118b9a6738ef2b8f","chatId":"undefined","level":"error","message":"Get chat error: Cast to ObjectId failed for value \"undefined\" (type string) at path \"_id\" for model \"Chat\"","timestamp":"2025-03-20T19:51:52.494Z"}
{"service":"chat-api","userId":"67dc5e41118b9a6738ef2b8f","level":"error","message":"Send message error: Cast to ObjectId failed for value \"undefined\" (type string) at path \"_id\" for model \"Chat\"","timestamp":"2025-03-20T19:52:03.222Z"}
{"service":"chat-api","level":"error","message":"Socket events handler not initialized","timestamp":"2025-03-20T20:13:47.323Z"}
{"service":"chat-api","userId":"67dc5e41118b9a6738ef2b8f","action":"chat_created","level":"error","message":"Failed to log audit event: AuditLog.create is not a function","timestamp":"2025-03-20T20:13:47.327Z"}
{"service":"chat-api","level":"error","message":"Socket events handler not initialized","timestamp":"2025-03-20T20:18:18.448Z"}
{"service":"chat-api","level":"error","message":"Socket events handler not initialized","timestamp":"2025-03-21T01:53:27.257Z"}
{"service":"chat-api","level":"error","message":"Socket events handler not initialized","timestamp":"2025-03-21T01:53:51.979Z"}
{"service":"chat-api","level":"error","message":"Socket events handler not initialized","timestamp":"2025-03-21T02:04:51.706Z"}
{"service":"chat-api","level":"error","message":"Socket events handler not initialized","timestamp":"2025-03-21T02:15:15.169Z"}
{"service":"chat-api","level":"error","message":"Socket events handler not initialized","timestamp":"2025-03-21T02:17:03.600Z"}
{"service":"chat-api","level":"error","message":"Socket events handler not initialized","timestamp":"2025-03-21T02:44:07.485Z"}
{"service":"chat-api","level":"error","message":"Socket events handler not initialized","timestamp":"2025-03-21T05:15:06.624Z"}
{"service":"chat-api","level":"error","message":"Socket authentication error: getaddrinfo ENOTFOUND cluster0-shard-00-00.85gxv.mongodb.net","timestamp":"2025-03-21T15:58:20.286Z"}
{"service":"chat-api","level":"error","message":"Socket authentication error: getaddrinfo ENOTFOUND cluster0-shard-00-00.85gxv.mongodb.net","timestamp":"2025-03-21T15:58:22.847Z"}
{"service":"chat-api","level":"error","message":"Socket authentication error: getaddrinfo ENOTFOUND cluster0-shard-00-00.85gxv.mongodb.net","timestamp":"2025-03-21T15:58:53.824Z"}
{"service":"chat-api","level":"error","message":"Socket authentication error: getaddrinfo ENOTFOUND cluster0-shard-00-00.85gxv.mongodb.net","timestamp":"2025-03-21T15:59:23.813Z"}
{"service":"chat-api","level":"error","message":"Socket authentication error: getaddrinfo ENOTFOUND cluster0-shard-00-00.85gxv.mongodb.net","timestamp":"2025-03-21T15:59:53.825Z"}
{"service":"chat-api","level":"error","message":"Socket authentication error: getaddrinfo ENOTFOUND cluster0-shard-00-00.85gxv.mongodb.net","timestamp":"2025-03-21T16:00:23.828Z"}
{"service":"chat-api","level":"error","message":"Socket authentication error: getaddrinfo ENOTFOUND cluster0-shard-00-00.85gxv.mongodb.net","timestamp":"2025-03-21T16:01:15.826Z"}
{"service":"chat-api","level":"error","message":"Socket authentication error: getaddrinfo ENOTFOUND cluster0-shard-00-00.85gxv.mongodb.net","timestamp":"2025-03-21T16:02:15.837Z"}
{"service":"chat-api","level":"error","message":"Socket authentication error: getaddrinfo ENOTFOUND cluster0-shard-00-00.85gxv.mongodb.net","timestamp":"2025-03-21T16:03:15.835Z"}
{"service":"chat-api","level":"error","message":"Socket authentication error: getaddrinfo ENOTFOUND cluster0-shard-00-00.85gxv.mongodb.net","timestamp":"2025-03-21T16:04:15.823Z"}
{"service":"chat-api","level":"error","message":"Socket authentication error: getaddrinfo ENOTFOUND cluster0-shard-00-00.85gxv.mongodb.net","timestamp":"2025-03-21T16:05:01.269Z"}
{"service":"chat-api","error":"Post validation failed: content: Path `content` is required.","userId":"67e12cec0b730a56c0af7c1d","requestId":"af0157d0-0da7-48fd-b6a6-415aebc79b82","level":"error","message":"Post creation transaction failed","timestamp":"2025-03-24T10:09:41.041Z"}
{"service":"chat-api","error":"Post validation failed: content: Path `content` is required.","stack":"ValidationError: Post validation failed: content: Path `content` is required.\n    at Document.invalidate (E:\\meetkats\\hinge-dating\\api\\node_modules\\mongoose\\lib\\document.js:3329:32)\n    at E:\\meetkats\\hinge-dating\\api\\node_modules\\mongoose\\lib\\document.js:3090:17\n    at E:\\meetkats\\hinge-dating\\api\\node_modules\\mongoose\\lib\\schemaType.js:1407:9\n    at process.processTicksAndRejections (node:internal/process/task_queues:77:11)","userId":"67e12cec0b730a56c0af7c1d","requestId":"af0157d0-0da7-48fd-b6a6-415aebc79b82","level":"error","message":"Create post error","timestamp":"2025-03-24T10:09:41.044Z"}
{"service":"chat-api","level":"error","message":"Socket events handler not initialized","timestamp":"2025-03-24T10:42:43.300Z"}
{"service":"chat-api","level":"error","message":"Socket events handler not initialized","timestamp":"2025-03-24T10:57:27.680Z"}
{"service":"chat-api","level":"error","message":"Logout error: SecurityLog.create is not a function","stack":"TypeError: SecurityLog.create is not a function\n    at exports.logout (E:\\meetkats\\hinge-dating\\api\\controllers\\auth.controller.js:679:23)\n    at process.processTicksAndRejections (node:internal/process/task_queues:95:5)","timestamp":"2025-03-24T11:50:12.544Z"}
{"service":"chat-api","level":"error","message":"Socket events handler not initialized","timestamp":"2025-03-24T14:48:17.682Z"}
{"service":"chat-api","level":"error","message":"Logout error: SecurityLog.create is not a function","stack":"TypeError: SecurityLog.create is not a function\n    at exports.logout (D:\\quizzzz\\meetkats_website\\new-backend\\controllers\\auth.controller.js:859:23)\n    at process.processTicksAndRejections (node:internal/process/task_queues:105:5)","timestamp":"2025-07-22T15:25:55.497Z"}
